2026-01-15T05:44:05.458Z | GET | /about-us
2026-01-15T05:44:09.421Z | GET | /
2026-01-15T05:44:18.878Z | GET | /contact
15/1/2026 | GET | /contact
15/1/2026 | GET | /
15/1/2026 | GET | /
15/1/2026 | GET | /favicon.ico
15/1/2026 | GET | /about-us?name=Yash
15/1/2026 | GET | /
15/1/2026 | GET | /favicon.ico
15/1/2026 | GET | /greet?name=yash
15/1/2026 | GET | /greet?name=yash
15/1/2026 | GET | /greet?name=yash
15/1/2026 | GET | /greet?name=yash
15/1/2026 | GET | /greet?name=yash
15/1/2026 | GET | /
15/1/2026 | GET | /greet?name=yash
15/1/2026 | GET | /greet?name=yash
15/1/2026 | GET | /greet?name=yash
15/1/2026 | GET | /
15/1/2026 | GET | /favicon.ico
15/1/2026 | GET | /product/?name=Laptop&price=50000&discount=10
15/1/2026 | GET | /product?name=Laptop&price=50000&discount=10
15/1/2026 | GET | /product?name=Laptop&price=50000&discount=10
15/1/2026 | GET | /product?name=Laptop&price=50000&discount=10
15/1/2026 | GET | /product?name=Laptop&price=50000&discount=10
15/1/2026 | GET | /product?name=Laptop&price=50000&discount=10
15/1/2026 | GET | /product?name=Laptop&price=50000&discount=10
15/1/2026 | GET | /product?name=Laptop&price=50000&discount=10
15/1/2026 | GET | /product?name=Laptop&price=50000&discount=10
15/1/2026 | GET | /product?name=Laptop&price=50000&discount=10
15/1/2026 | GET | /product?name=Laptop&price=50000&discount=10
15/1/2026 | GET | /
15/1/2026 | GET | /product?name=Laptop&price=50000&discount=10
15/1/2026 | GET | /product?name=Laptop&price=50000&discount=10
15/1/2026 | GET | /product?name=Laptop&price=50000&discount=10
15/1/2026 | GET | /product?name=Laptop&price=50000&discount=10
15/1/2026 | GET | /product?name=Laptop&price=50000&discount=10
15/1/2026 | GET | /product?name=Laptop&price=50000&discount=10
15/1/2026 | GET | /product?name=Laptop&price=50000&discount=10
15/1/2026 | GET | /product?name=Laptop&price=50000&discount=10
15/1/2026 | GET | /product?name=Laptop&price=50000&discount=10
15/1/2026 | GET | /product?name=Laptop&price=50000&discount=10
15/1/2026 | GET | /product?name=Laptop&price=50000&discount=10
15/1/2026 | GET | /product?name=Laptop&price=50000&discount=10
15/1/2026 | GET | /
15/1/2026 | GET | /favicon.ico
15/1/2026 | GET | /product?name=Laptop&price=50000&discount=10
15/1/2026 | GET | /product?name=Laptop&price=50000&discount=10
15/1/2026 | GET | /product?name=Laptop&price=50000&discount=10
15/1/2026 | GET | /product?name=Laptop&price=50000&discount=10
15/1/2026 | GET | /product?name=Laptop&price=50000&discount=10
15/1/2026 | GET | /product?name=Laptop&price=50000&discount=10
15/1/2026 | GET | /product?name=Laptop&price=50000&discount=10
2026-01-15T09:23:12.996Z | GET | /product?name=Laptop&price=50000&discount=10
2026-01-15T09:23:17.092Z | GET | /product?name=Laptop&price=50000&discount=10
2026-01-15T09:23:17.903Z | GET | /product?name=Laptop&price=50000&discount=10
2026-01-15T09:24:35.762Z | GET | /product?name=Laptop&price=50000&discount=10
2026-01-15T09:24:35.787Z | GET | /style.css
2026-01-15T09:25:16.672Z | GET | /
2026-01-15T09:25:16.689Z | GET | /style.css
2026-01-15T09:26:38.378Z | GET | /product?name=Laptop&price=50000&discount=10
2026-01-15T09:26:38.407Z | GET | /style.css
2026-01-15T09:28:16.961Z | GET | /
2026-01-15T09:28:16.981Z | GET | /style.css
2026-01-15T09:28:28.846Z | GET | /product?name=Laptop&price=50000&discount=10
2026-01-15T09:28:28.875Z | GET | /style.css
2026-01-15T09:32:51.486Z | GET | /product?name=Laptop&price=50000&discount=10
2026-01-15T09:32:51.513Z | GET | /style.css
2026-01-15T09:33:10.146Z | GET | /product?name=Laptop&price=50000&discount=10
2026-01-15T09:33:10.162Z | GET | /style.css
