
Platform: win32
Uptime (hours): 1.5129166666666667
CPU Model: 12th Gen Intel(R) Core(TM) i7-12700H
Total Memory (GB): 15.63589096069336
Free Memory (GB): 8.090713500976562
Timestamp: 20/1/2026, 11:00:02 am
---

Platform: win32
Uptime (hours): 1.513476388888889
CPU Model: 12th Gen Intel(R) Core(TM) i7-12700H
Total Memory (GB): 15.63589096069336
Free Memory (GB): 8.077999114990234
Timestamp: 20/1/2026, 11:00:04 am
---

Platform: win32
Uptime (hours): 1.5140319444444446
CPU Model: 12th Gen Intel(R) Core(TM) i7-12700H
Total Memory (GB): 15.63589096069336
Free Memory (GB): 8.09427261352539
Timestamp: 20/1/2026, 11:00:06 am
---

Platform: win32
Uptime (hours): 1.5145875000000002
CPU Model: 12th Gen Intel(R) Core(TM) i7-12700H
Total Memory (GB): 15.63589096069336
Free Memory (GB): 8.09177017211914
Timestamp: 20/1/2026, 11:00:08 am
---

Platform: win32
Uptime (hours): 1.5151475
CPU Model: 12th Gen Intel(R) Core(TM) i7-12700H
Total Memory (GB): 15.63589096069336
Free Memory (GB): 8.086997985839844
Timestamp: 20/1/2026, 11:00:10 am
---

Platform: win32
Uptime (hours): 1.5157030555555555
CPU Model: 12th Gen Intel(R) Core(TM) i7-12700H
Total Memory (GB): 15.63589096069336
Free Memory (GB): 8.060012817382812
Timestamp: 20/1/2026, 11:00:12 am
---

Platform: win32
Uptime (hours): 1.516262777777778
CPU Model: 12th Gen Intel(R) Core(TM) i7-12700H
Total Memory (GB): 15.63589096069336
Free Memory (GB): 8.071025848388672
Timestamp: 20/1/2026, 11:00:14 am
---

Platform: win32
Uptime (hours): 1.5168227777777779
CPU Model: 12th Gen Intel(R) Core(TM) i7-12700H
Total Memory (GB): 15.63589096069336
Free Memory (GB): 8.023727416992188
Timestamp: 20/1/2026, 11:00:16 am
---

Platform: win32
Uptime (hours): 1.517382777777778
CPU Model: 12th Gen Intel(R) Core(TM) i7-12700H
Total Memory (GB): 15.63589096069336
Free Memory (GB): 8.056694030761719
Timestamp: 20/1/2026, 11:00:18 am
---
